c:\users\pkn\desktop\tpv2\asteroids\tpv2\x64\debug\vc143.pdb
c:\users\pkn\desktop\tpv2\asteroids\tpv2\x64\debug\vc143.idb
c:\users\pkn\desktop\tpv2\asteroids\tpv2\x64\debug\texture.obj
c:\users\pkn\desktop\tpv2\asteroids\tpv2\x64\debug\soundeffect.obj
c:\users\pkn\desktop\tpv2\asteroids\tpv2\x64\debug\sdlutils_demo.obj
c:\users\pkn\desktop\tpv2\asteroids\tpv2\x64\debug\sdlutils.obj
c:\users\pkn\desktop\tpv2\asteroids\tpv2\x64\debug\main.obj
c:\users\pkn\desktop\tpv2\asteroids\tpv2\x64\debug\json_demo.obj
c:\users\pkn\desktop\tpv2\asteroids\tpv2\x64\debug\jsonvalue.obj
c:\users\pkn\desktop\tpv2\asteroids\tpv2\x64\debug\json.obj
c:\users\pkn\desktop\tpv2\asteroids\tpv2\x64\debug\state.obj
c:\users\pkn\desktop\tpv2\asteroids\tpv2\x64\debug\manager.obj
c:\users\pkn\desktop\tpv2\asteroids\tpv2\x64\debug\entity.obj
c:\users\pkn\desktop\tpv2\asteroids\tpv2\x64\debug\generations.obj
c:\users\pkn\desktop\tpv2\asteroids\tpv2\x64\debug\vector2d.obj
c:\users\pkn\desktop\tpv2\asteroids\tpv2\x64\debug\collisions.obj
c:\users\pkn\desktop\tpv2\asteroids\tpv2\x64\debug\gamectrl.obj
c:\users\pkn\desktop\tpv2\asteroids\tpv2\x64\debug\tpv2.tlog\cl.command.1.tlog
c:\users\pkn\desktop\tpv2\asteroids\tpv2\x64\debug\tpv2.tlog\cl.read.1.tlog
c:\users\pkn\desktop\tpv2\asteroids\tpv2\x64\debug\tpv2.tlog\cl.write.1.tlog
