C:\Program Files\Microsoft Visual Studio\2022\Community\MSBuild\Microsoft\VC\v170\Microsoft.CppBuild.targets(503,5): warning MSB8004: El directorio Output no termina con una barra diagonal final. Esta instancia de compilación agregará la barra diagonal porque es necesaria para que se pueda evaluar correctamente el directorio Output.
C:\Program Files\Microsoft Visual Studio\2022\Community\MSBuild\Microsoft\VC\v170\Microsoft.CppBuild.targets(1101,5): warning MSB8027: Dos o más archivos con el mismo nombre de Manager.cpp producirán salidas en la misma ubicación. Esto puede dar lugar a un resultado de compilación incorrecto. Los archivos implicados son src\ecs\Manager.cpp, src\game\Manager.cpp.
  DisableOnExit.cpp
C:\Users\pkn\Desktop\TPV2\Asteroids\TPV2\src\component\Transform.h(22,58): warning C4244: 'argumento': conversión de 'double' a 'float'; posible pérdida de datos
C:\Users\pkn\Desktop\TPV2\Asteroids\TPV2\src\component\Transform.h(22,55): warning C4244: 'argumento': conversión de 'double' a 'float'; posible pérdida de datos
C:\Users\pkn\Desktop\TPV2\Asteroids\TPV2\src\component\Transform.h(23,58): warning C4244: 'argumento': conversión de 'double' a 'float'; posible pérdida de datos
C:\Users\pkn\Desktop\TPV2\Asteroids\TPV2\src\component\Transform.h(23,55): warning C4244: 'argumento': conversión de 'double' a 'float'; posible pérdida de datos
C:\Users\pkn\Desktop\TPV2\Asteroids\TPV2\src\ecs\mpl.h(27,35): error C2027: uso del tipo 'mpl::IndexOf<T,mpl::TypeList<>>' sin definir
          with
          [
              T=Transform
          ]
C:\Users\pkn\Desktop\TPV2\Asteroids\TPV2\src\ecs\mpl.h(27,7): message : vea la declaración de 'mpl::IndexOf<T,mpl::TypeList<>>'
          with
          [
              T=Transform
          ]
C:\Users\pkn\Desktop\TPV2\Asteroids\TPV2\src\ecs\ecs.h(52,1): message : Vea la referencia a la creación de una instancia de clase plantilla "mpl::IndexOf<Transform,ecs::ComponentsList>" que se está compilando
C:\Users\pkn\Desktop\TPV2\Asteroids\TPV2\src\ecs\Entity.h(70,18): message : vea la referencia a la plantilla de variables 'const size_t cmpIdx<Transform>' que se está compilando
C:\Users\pkn\Desktop\TPV2\Asteroids\TPV2\src\component\DisableOnExit.cpp(14,41): message : Vea la referencia a la creación de una instancia de la función plantilla "T *Entity::getComponent<Transform>(void)" que se está compilando
          with
          [
              T=Transform
          ]
  FighterJ.cpp
C:\Users\pkn\Desktop\TPV2\Asteroids\TPV2\src\component\Transform.h(22,58): warning C4244: 'argumento': conversión de 'double' a 'float'; posible pérdida de datos
C:\Users\pkn\Desktop\TPV2\Asteroids\TPV2\src\component\Transform.h(22,55): warning C4244: 'argumento': conversión de 'double' a 'float'; posible pérdida de datos
C:\Users\pkn\Desktop\TPV2\Asteroids\TPV2\src\component\Transform.h(23,58): warning C4244: 'argumento': conversión de 'double' a 'float'; posible pérdida de datos
C:\Users\pkn\Desktop\TPV2\Asteroids\TPV2\src\component\Transform.h(23,55): warning C4244: 'argumento': conversión de 'double' a 'float'; posible pérdida de datos
C:\Users\pkn\Desktop\TPV2\Asteroids\TPV2\src\game\ecs_defs.h(25,1): warning C4005: '_CMPS_LIST_': redefinición de macro
C:\Users\pkn\Desktop\TPV2\Asteroids\TPV2\src\ecs\ecs.h(26,1): message : vea la definición anterior de '_CMPS_LIST_'
C:\Users\pkn\Desktop\TPV2\Asteroids\TPV2\src\game\ecs_defs.h(33,15): warning C4099: 'Fighter': nombre de tipo visto anteriormente usando 'class' ahora se ve usando 'struct'
C:\Users\pkn\Desktop\TPV2\Asteroids\TPV2\src\game\ecs_defs.h(13,7): message : vea la declaración de 'Fighter'
C:\Users\pkn\Desktop\TPV2\Asteroids\TPV2\src\game\ecs_defs.h(35,1): warning C4005: '_HDLRS_LIST_': redefinición de macro
C:\Users\pkn\Desktop\TPV2\Asteroids\TPV2\src\ecs\ecs.h(36,1): message : vea la definición anterior de '_HDLRS_LIST_'
C:\Users\pkn\Desktop\TPV2\Asteroids\TPV2\src\component\FighterJ.cpp(30,56): warning C4244: 'argumento': conversión de 'double' a 'float'; posible pérdida de datos
C:\Users\pkn\Desktop\TPV2\Asteroids\TPV2\src\sdlutils\SDLUtils.h(50,32): warning C4101: 'e': variable local sin referencia
C:\Users\pkn\Desktop\TPV2\Asteroids\TPV2\src\sdlutils\SDLUtils.h(47,1): message : al compilar la función del miembro clase plantilla "SoundEffect &SDLUtils::map_access_wrapper<SoundEffect>::at(std::string)"
C:\Users\pkn\Desktop\TPV2\Asteroids\TPV2\src\sdlutils\SDLUtils.h(194,34): message : Vea la referencia a la creación de una instancia de clase plantilla "SDLUtils::map_access_wrapper<SoundEffect>" que se está compilando
C:\Users\pkn\Desktop\TPV2\Asteroids\TPV2\src\ecs\mpl.h(27,35): error C2027: uso del tipo 'mpl::IndexOf<T,mpl::TypeList<>>' sin definir
          with
          [
              T=Transform
          ]
C:\Users\pkn\Desktop\TPV2\Asteroids\TPV2\src\ecs\mpl.h(27,7): message : vea la declaración de 'mpl::IndexOf<T,mpl::TypeList<>>'
          with
          [
              T=Transform
          ]
C:\Users\pkn\Desktop\TPV2\Asteroids\TPV2\src\ecs\ecs.h(52,1): message : Vea la referencia a la creación de una instancia de clase plantilla "mpl::IndexOf<Transform,ecs::ComponentsList>" que se está compilando
C:\Users\pkn\Desktop\TPV2\Asteroids\TPV2\src\ecs\Entity.h(70,18): message : vea la referencia a la plantilla de variables 'const size_t cmpIdx<Transform>' que se está compilando
C:\Users\pkn\Desktop\TPV2\Asteroids\TPV2\src\component\FighterJ.cpp(19,41): message : Vea la referencia a la creación de una instancia de la función plantilla "T *Entity::getComponent<Transform>(void)" que se está compilando
          with
          [
              T=Transform
          ]
C:\Users\pkn\Desktop\TPV2\Asteroids\TPV2\src\ecs\mpl.h(27,35): error C2027: uso del tipo 'mpl::IndexOf<T,mpl::TypeList<>>' sin definir
          with
          [
              T=GM
          ]
C:\Users\pkn\Desktop\TPV2\Asteroids\TPV2\src\ecs\mpl.h(27,7): message : vea la declaración de 'mpl::IndexOf<T,mpl::TypeList<>>'
          with
          [
              T=GM
          ]
C:\Users\pkn\Desktop\TPV2\Asteroids\TPV2\src\ecs\ecs.h(58,1): message : Vea la referencia a la creación de una instancia de clase plantilla "mpl::IndexOf<GM,ecs::HdlrsList>" que se está compilando
C:\Users\pkn\Desktop\TPV2\Asteroids\TPV2\src\ecs\Manager.h(36,22): message : vea la referencia a la plantilla de variables 'const size_t hdlrIdx<GM>' que se está compilando
C:\Users\pkn\Desktop\TPV2\Asteroids\TPV2\src\component\FighterJ.cpp(25,5): message : Vea la referencia a la creación de una instancia de la función plantilla "Entity *Manager::getHandler<GM>(void)" que se está compilando
C:\Users\pkn\Desktop\TPV2\Asteroids\TPV2\src\ecs\mpl.h(27,35): error C2027: uso del tipo 'mpl::IndexOf<T,mpl::TypeList<>>' sin definir
          with
          [
              T=State
          ]
C:\Users\pkn\Desktop\TPV2\Asteroids\TPV2\src\ecs\mpl.h(27,7): message : vea la declaración de 'mpl::IndexOf<T,mpl::TypeList<>>'
          with
          [
              T=State
          ]
C:\Users\pkn\Desktop\TPV2\Asteroids\TPV2\src\ecs\ecs.h(52,1): message : Vea la referencia a la creación de una instancia de clase plantilla "mpl::IndexOf<State,ecs::ComponentsList>" que se está compilando
C:\Users\pkn\Desktop\TPV2\Asteroids\TPV2\src\ecs\Entity.h(70,18): message : vea la referencia a la plantilla de variables 'const size_t cmpIdx<State>' que se está compilando
C:\Users\pkn\Desktop\TPV2\Asteroids\TPV2\src\component\FighterJ.cpp(25,5): message : Vea la referencia a la creación de una instancia de la función plantilla "T *Entity::getComponent<State>(void)" que se está compilando
          with
          [
              T=State
          ]
  Follow.cpp
C:\Users\pkn\Desktop\TPV2\Asteroids\TPV2\src\component\Transform.h(22,58): warning C4244: 'argumento': conversión de 'double' a 'float'; posible pérdida de datos
C:\Users\pkn\Desktop\TPV2\Asteroids\TPV2\src\component\Transform.h(22,55): warning C4244: 'argumento': conversión de 'double' a 'float'; posible pérdida de datos
C:\Users\pkn\Desktop\TPV2\Asteroids\TPV2\src\component\Transform.h(23,58): warning C4244: 'argumento': conversión de 'double' a 'float'; posible pérdida de datos
C:\Users\pkn\Desktop\TPV2\Asteroids\TPV2\src\component\Transform.h(23,55): warning C4244: 'argumento': conversión de 'double' a 'float'; posible pérdida de datos
C:\Users\pkn\Desktop\TPV2\Asteroids\TPV2\src\game\ecs_defs.h(25,1): warning C4005: '_CMPS_LIST_': redefinición de macro
C:\Users\pkn\Desktop\TPV2\Asteroids\TPV2\src\ecs\ecs.h(26,1): message : vea la definición anterior de '_CMPS_LIST_'
C:\Users\pkn\Desktop\TPV2\Asteroids\TPV2\src\game\ecs_defs.h(33,15): warning C4099: 'Fighter': nombre de tipo visto anteriormente usando 'class' ahora se ve usando 'struct'
C:\Users\pkn\Desktop\TPV2\Asteroids\TPV2\src\game\ecs_defs.h(13,7): message : vea la declaración de 'Fighter'
C:\Users\pkn\Desktop\TPV2\Asteroids\TPV2\src\game\ecs_defs.h(35,1): warning C4005: '_HDLRS_LIST_': redefinición de macro
C:\Users\pkn\Desktop\TPV2\Asteroids\TPV2\src\ecs\ecs.h(36,1): message : vea la definición anterior de '_HDLRS_LIST_'
C:\Users\pkn\Desktop\TPV2\Asteroids\TPV2\src\ecs\mpl.h(27,35): error C2027: uso del tipo 'mpl::IndexOf<T,mpl::TypeList<>>' sin definir
          with
          [
              T=Transform
          ]
C:\Users\pkn\Desktop\TPV2\Asteroids\TPV2\src\ecs\mpl.h(27,7): message : vea la declaración de 'mpl::IndexOf<T,mpl::TypeList<>>'
          with
          [
              T=Transform
          ]
C:\Users\pkn\Desktop\TPV2\Asteroids\TPV2\src\ecs\ecs.h(52,1): message : Vea la referencia a la creación de una instancia de clase plantilla "mpl::IndexOf<Transform,ecs::ComponentsList>" que se está compilando
C:\Users\pkn\Desktop\TPV2\Asteroids\TPV2\src\ecs\Entity.h(70,18): message : vea la referencia a la plantilla de variables 'const size_t cmpIdx<Transform>' que se está compilando
C:\Users\pkn\Desktop\TPV2\Asteroids\TPV2\src\component\Follow.cpp(15,41): message : Vea la referencia a la creación de una instancia de la función plantilla "T *Entity::getComponent<Transform>(void)" que se está compilando
          with
          [
              T=Transform
          ]
C:\Users\pkn\Desktop\TPV2\Asteroids\TPV2\src\ecs\mpl.h(27,35): error C2027: uso del tipo 'mpl::IndexOf<T,mpl::TypeList<>>' sin definir
          with
          [
              T=Fighter
          ]
C:\Users\pkn\Desktop\TPV2\Asteroids\TPV2\src\ecs\mpl.h(27,7): message : vea la declaración de 'mpl::IndexOf<T,mpl::TypeList<>>'
          with
          [
              T=Fighter
          ]
C:\Users\pkn\Desktop\TPV2\Asteroids\TPV2\src\ecs\ecs.h(58,1): message : Vea la referencia a la creación de una instancia de clase plantilla "mpl::IndexOf<Fighter,ecs::HdlrsList>" que se está compilando
C:\Users\pkn\Desktop\TPV2\Asteroids\TPV2\src\ecs\Manager.h(36,22): message : vea la referencia a la plantilla de variables 'const size_t hdlrIdx<Fighter>' que se está compilando
C:\Users\pkn\Desktop\TPV2\Asteroids\TPV2\src\component\Follow.cpp(17,56): message : Vea la referencia a la creación de una instancia de la función plantilla "Entity *Manager::getHandler<Fighter>(void)" que se está compilando
  FramedImage.cpp
C:\Users\pkn\Desktop\TPV2\Asteroids\TPV2\src\component\Transform.h(22,58): warning C4244: 'argumento': conversión de 'double' a 'float'; posible pérdida de datos
C:\Users\pkn\Desktop\TPV2\Asteroids\TPV2\src\component\Transform.h(22,55): warning C4244: 'argumento': conversión de 'double' a 'float'; posible pérdida de datos
C:\Users\pkn\Desktop\TPV2\Asteroids\TPV2\src\component\Transform.h(23,58): warning C4244: 'argumento': conversión de 'double' a 'float'; posible pérdida de datos
C:\Users\pkn\Desktop\TPV2\Asteroids\TPV2\src\component\Transform.h(23,55): warning C4244: 'argumento': conversión de 'double' a 'float'; posible pérdida de datos
C:\Users\pkn\Desktop\TPV2\Asteroids\TPV2\src\component\FramedImage.cpp(15,23): warning C4244: 'argumento': conversión de 'int' a 'float'; posible pérdida de datos
C:\Users\pkn\Desktop\TPV2\Asteroids\TPV2\src\component\FramedImage.cpp(15,17): warning C4244: 'argumento': conversión de 'int' a 'float'; posible pérdida de datos
C:\Users\pkn\Desktop\TPV2\Asteroids\TPV2\src\component\FramedImage.cpp(16,25): warning C4244: 'argumento': conversión de 'int' a 'float'; posible pérdida de datos
C:\Users\pkn\Desktop\TPV2\Asteroids\TPV2\src\component\FramedImage.cpp(16,22): warning C4244: 'argumento': conversión de 'int' a 'float'; posible pérdida de datos
C:\Users\pkn\Desktop\TPV2\Asteroids\TPV2\src\component\FramedImage.cpp(33,37): warning C4244: '=': conversión de 'Uint32' a 'float'; posible pérdida de datos
C:\Users\pkn\Desktop\TPV2\Asteroids\TPV2\src\ecs\mpl.h(27,35): error C2027: uso del tipo 'mpl::IndexOf<T,mpl::TypeList<>>' sin definir
          with
          [
              T=Transform
          ]
C:\Users\pkn\Desktop\TPV2\Asteroids\TPV2\src\ecs\mpl.h(27,7): message : vea la declaración de 'mpl::IndexOf<T,mpl::TypeList<>>'
          with
          [
              T=Transform
          ]
C:\Users\pkn\Desktop\TPV2\Asteroids\TPV2\src\ecs\ecs.h(52,1): message : Vea la referencia a la creación de una instancia de clase plantilla "mpl::IndexOf<Transform,ecs::ComponentsList>" que se está compilando
C:\Users\pkn\Desktop\TPV2\Asteroids\TPV2\src\ecs\Entity.h(70,18): message : vea la referencia a la plantilla de variables 'const size_t cmpIdx<Transform>' que se está compilando
C:\Users\pkn\Desktop\TPV2\Asteroids\TPV2\src\component\FramedImage.cpp(25,41): message : Vea la referencia a la creación de una instancia de la función plantilla "T *Entity::getComponent<Transform>(void)" que se está compilando
          with
          [
              T=Transform
          ]
  Gun.cpp
C:\Users\pkn\Desktop\TPV2\Asteroids\TPV2\src\component\Transform.h(22,58): warning C4244: 'argumento': conversión de 'double' a 'float'; posible pérdida de datos
C:\Users\pkn\Desktop\TPV2\Asteroids\TPV2\src\component\Transform.h(22,55): warning C4244: 'argumento': conversión de 'double' a 'float'; posible pérdida de datos
C:\Users\pkn\Desktop\TPV2\Asteroids\TPV2\src\component\Transform.h(23,58): warning C4244: 'argumento': conversión de 'double' a 'float'; posible pérdida de datos
C:\Users\pkn\Desktop\TPV2\Asteroids\TPV2\src\component\Transform.h(23,55): warning C4244: 'argumento': conversión de 'double' a 'float'; posible pérdida de datos
C:\Users\pkn\Desktop\TPV2\Asteroids\TPV2\src\game\ecs_defs.h(25,1): warning C4005: '_CMPS_LIST_': redefinición de macro
C:\Users\pkn\Desktop\TPV2\Asteroids\TPV2\src\ecs\ecs.h(26,1): message : vea la definición anterior de '_CMPS_LIST_'
C:\Users\pkn\Desktop\TPV2\Asteroids\TPV2\src\game\ecs_defs.h(33,15): warning C4099: 'Fighter': nombre de tipo visto anteriormente usando 'class' ahora se ve usando 'struct'
C:\Users\pkn\Desktop\TPV2\Asteroids\TPV2\src\game\ecs_defs.h(13,7): message : vea la declaración de 'Fighter'
C:\Users\pkn\Desktop\TPV2\Asteroids\TPV2\src\game\ecs_defs.h(35,1): warning C4005: '_HDLRS_LIST_': redefinición de macro
C:\Users\pkn\Desktop\TPV2\Asteroids\TPV2\src\ecs\ecs.h(36,1): message : vea la definición anterior de '_HDLRS_LIST_'
C:\Users\pkn\Desktop\TPV2\Asteroids\TPV2\src\component\Gun.cpp(35,10): warning C4244: 'inicializando': conversión de 'double' a 'int'; posible pérdida de datos
C:\Users\pkn\Desktop\TPV2\Asteroids\TPV2\src\component\Gun.cpp(36,10): warning C4244: 'inicializando': conversión de 'double' a 'int'; posible pérdida de datos
C:\Users\pkn\Desktop\TPV2\Asteroids\TPV2\src\component\Gun.cpp(37,10): warning C4244: 'inicializando': conversión de 'double' a 'int'; posible pérdida de datos
C:\Users\pkn\Desktop\TPV2\Asteroids\TPV2\src\component\Gun.cpp(39,30): warning C4244: 'argumento': conversión de 'int' a 'float'; posible pérdida de datos
C:\Users\pkn\Desktop\TPV2\Asteroids\TPV2\src\component\Gun.cpp(39,23): warning C4244: 'argumento': conversión de 'int' a 'float'; posible pérdida de datos
C:\Users\pkn\Desktop\TPV2\Asteroids\TPV2\src\component\Gun.cpp(39,84): warning C4244: 'argumento': conversión de 'int' a 'float'; posible pérdida de datos
C:\Users\pkn\Desktop\TPV2\Asteroids\TPV2\src\component\Gun.cpp(40,37): warning C4244: 'argumento': conversión de 'int' a 'float'; posible pérdida de datos
C:\Users\pkn\Desktop\TPV2\Asteroids\TPV2\src\sdlutils\SDLUtils.h(50,32): warning C4101: 'e': variable local sin referencia
C:\Users\pkn\Desktop\TPV2\Asteroids\TPV2\src\sdlutils\SDLUtils.h(47,1): message : al compilar la función del miembro clase plantilla "Texture &SDLUtils::map_access_wrapper<Texture>::at(std::string)"
C:\Users\pkn\Desktop\TPV2\Asteroids\TPV2\src\sdlutils\SDLUtils.h(192,30): message : Vea la referencia a la creación de una instancia de clase plantilla "SDLUtils::map_access_wrapper<Texture>" que se está compilando
C:\Users\pkn\Desktop\TPV2\Asteroids\TPV2\src\ecs\mpl.h(27,35): error C2027: uso del tipo 'mpl::IndexOf<T,mpl::TypeList<>>' sin definir
          with
          [
              T=Transform
          ]
C:\Users\pkn\Desktop\TPV2\Asteroids\TPV2\src\ecs\mpl.h(27,7): message : vea la declaración de 'mpl::IndexOf<T,mpl::TypeList<>>'
          with
          [
              T=Transform
          ]
C:\Users\pkn\Desktop\TPV2\Asteroids\TPV2\src\ecs\ecs.h(52,1): message : Vea la referencia a la creación de una instancia de clase plantilla "mpl::IndexOf<Transform,ecs::ComponentsList>" que se está compilando
C:\Users\pkn\Desktop\TPV2\Asteroids\TPV2\src\ecs\Entity.h(70,18): message : vea la referencia a la plantilla de variables 'const size_t cmpIdx<Transform>' que se está compilando
C:\Users\pkn\Desktop\TPV2\Asteroids\TPV2\src\component\Gun.cpp(20,41): message : Vea la referencia a la creación de una instancia de la función plantilla "T *Entity::getComponent<Transform>(void)" que se está compilando
          with
          [
              T=Transform
          ]
C:\Users\pkn\Desktop\TPV2\Asteroids\TPV2\src\ecs\mpl.h(27,35): error C2027: uso del tipo 'mpl::IndexOf<T,mpl::TypeList<>>' sin definir
          with
          [
              T=GM
          ]
C:\Users\pkn\Desktop\TPV2\Asteroids\TPV2\src\ecs\mpl.h(27,7): message : vea la declaración de 'mpl::IndexOf<T,mpl::TypeList<>>'
          with
          [
              T=GM
          ]
C:\Users\pkn\Desktop\TPV2\Asteroids\TPV2\src\ecs\ecs.h(58,1): message : Vea la referencia a la creación de una instancia de clase plantilla "mpl::IndexOf<GM,ecs::HdlrsList>" que se está compilando
C:\Users\pkn\Desktop\TPV2\Asteroids\TPV2\src\ecs\Manager.h(36,22): message : vea la referencia a la plantilla de variables 'const size_t hdlrIdx<GM>' que se está compilando
C:\Users\pkn\Desktop\TPV2\Asteroids\TPV2\src\component\Gun.cpp(28,5): message : Vea la referencia a la creación de una instancia de la función plantilla "Entity *Manager::getHandler<GM>(void)" que se está compilando
C:\Users\pkn\Desktop\TPV2\Asteroids\TPV2\src\ecs\mpl.h(27,35): error C2027: uso del tipo 'mpl::IndexOf<T,mpl::TypeList<>>' sin definir
          with
          [
              T=State
          ]
C:\Users\pkn\Desktop\TPV2\Asteroids\TPV2\src\ecs\mpl.h(27,7): message : vea la declaración de 'mpl::IndexOf<T,mpl::TypeList<>>'
          with
          [
              T=State
          ]
C:\Users\pkn\Desktop\TPV2\Asteroids\TPV2\src\ecs\ecs.h(52,1): message : Vea la referencia a la creación de una instancia de clase plantilla "mpl::IndexOf<State,ecs::ComponentsList>" que se está compilando
C:\Users\pkn\Desktop\TPV2\Asteroids\TPV2\src\ecs\Entity.h(70,18): message : vea la referencia a la plantilla de variables 'const size_t cmpIdx<State>' que se está compilando
C:\Users\pkn\Desktop\TPV2\Asteroids\TPV2\src\component\Gun.cpp(28,5): message : Vea la referencia a la creación de una instancia de la función plantilla "T *Entity::getComponent<State>(void)" que se está compilando
          with
          [
              T=State
          ]
C:\Users\pkn\Desktop\TPV2\Asteroids\TPV2\src\ecs\mpl.h(27,35): error C2027: uso del tipo 'mpl::IndexOf<T,mpl::TypeList<>>' sin definir
          with
          [
              T=Image
          ]
C:\Users\pkn\Desktop\TPV2\Asteroids\TPV2\src\ecs\mpl.h(27,7): message : vea la declaración de 'mpl::IndexOf<T,mpl::TypeList<>>'
          with
          [
              T=Image
          ]
C:\Users\pkn\Desktop\TPV2\Asteroids\TPV2\src\ecs\ecs.h(52,1): message : Vea la referencia a la creación de una instancia de clase plantilla "mpl::IndexOf<Image,ecs::ComponentsList>" que se está compilando
C:\Users\pkn\Desktop\TPV2\Asteroids\TPV2\src\ecs\Entity.h(39,28): message : vea la referencia a la plantilla de variables 'const size_t cmpIdx<Image>' que se está compilando
C:\Users\pkn\Desktop\TPV2\Asteroids\TPV2\src\component\Gun.cpp(44,58): message : Vea la referencia a la creación de una instancia de la función plantilla "T *Entity::addComponent<Image,Texture*>(Texture *&&)" que se está compilando
          with
          [
              T=Image
          ]
C:\Users\pkn\Desktop\TPV2\Asteroids\TPV2\src\ecs\mpl.h(27,35): error C2027: uso del tipo 'mpl::IndexOf<T,mpl::TypeList<>>' sin definir
          with
          [
              T=DisableOnExit
          ]
C:\Users\pkn\Desktop\TPV2\Asteroids\TPV2\src\ecs\mpl.h(27,7): message : vea la declaración de 'mpl::IndexOf<T,mpl::TypeList<>>'
          with
          [
              T=DisableOnExit
          ]
C:\Users\pkn\Desktop\TPV2\Asteroids\TPV2\src\ecs\ecs.h(52,1): message : Vea la referencia a la creación de una instancia de clase plantilla "mpl::IndexOf<DisableOnExit,ecs::ComponentsList>" que se está compilando
C:\Users\pkn\Desktop\TPV2\Asteroids\TPV2\src\ecs\Entity.h(39,28): message : vea la referencia a la plantilla de variables 'const size_t cmpIdx<DisableOnExit>' que se está compilando
C:\Users\pkn\Desktop\TPV2\Asteroids\TPV2\src\component\Gun.cpp(45,35): message : Vea la referencia a la creación de una instancia de la función plantilla "T *Entity::addComponent<DisableOnExit,>(void)" que se está compilando
          with
          [
              T=DisableOnExit
          ]
C:\Users\pkn\Desktop\TPV2\Asteroids\TPV2\src\ecs\mpl.h(27,35): error C2027: uso del tipo 'mpl::IndexOf<T,mpl::TypeList<>>' sin definir
          with
          [
              T=Bullets
          ]
C:\Users\pkn\Desktop\TPV2\Asteroids\TPV2\src\ecs\mpl.h(27,7): message : vea la declaración de 'mpl::IndexOf<T,mpl::TypeList<>>'
          with
          [
              T=Bullets
          ]
C:\Users\pkn\Desktop\TPV2\Asteroids\TPV2\src\ecs\ecs.h(55,1): message : Vea la referencia a la creación de una instancia de clase plantilla "mpl::IndexOf<Bullets,ecs::GroupsList>" que se está compilando
C:\Users\pkn\Desktop\TPV2\Asteroids\TPV2\src\ecs\Entity.h(103,16): message : vea la referencia a la plantilla de variables 'const size_t grpIdx<Bullets>' que se está compilando
C:\Users\pkn\Desktop\TPV2\Asteroids\TPV2\src\component\Gun.cpp(47,29): message : Vea la referencia a la creación de una instancia de la función plantilla "void Entity::setGroup<Bullets>(bool)" que se está compilando
  Image.cpp
C:\Users\pkn\Desktop\TPV2\Asteroids\TPV2\src\component\Transform.h(22,58): warning C4244: 'argumento': conversión de 'double' a 'float'; posible pérdida de datos
C:\Users\pkn\Desktop\TPV2\Asteroids\TPV2\src\component\Transform.h(22,55): warning C4244: 'argumento': conversión de 'double' a 'float'; posible pérdida de datos
C:\Users\pkn\Desktop\TPV2\Asteroids\TPV2\src\component\Transform.h(23,58): warning C4244: 'argumento': conversión de 'double' a 'float'; posible pérdida de datos
C:\Users\pkn\Desktop\TPV2\Asteroids\TPV2\src\component\Transform.h(23,55): warning C4244: 'argumento': conversión de 'double' a 'float'; posible pérdida de datos
C:\Users\pkn\Desktop\TPV2\Asteroids\TPV2\src\component\Image.cpp(27,37): warning C4244: 'argumento': conversión de 'double' a 'float'; posible pérdida de datos
C:\Users\pkn\Desktop\TPV2\Asteroids\TPV2\src\ecs\mpl.h(27,35): error C2027: uso del tipo 'mpl::IndexOf<T,mpl::TypeList<>>' sin definir
          with
          [
              T=Transform
          ]
C:\Users\pkn\Desktop\TPV2\Asteroids\TPV2\src\ecs\mpl.h(27,7): message : vea la declaración de 'mpl::IndexOf<T,mpl::TypeList<>>'
          with
          [
              T=Transform
          ]
C:\Users\pkn\Desktop\TPV2\Asteroids\TPV2\src\ecs\ecs.h(52,1): message : Vea la referencia a la creación de una instancia de clase plantilla "mpl::IndexOf<Transform,ecs::ComponentsList>" que se está compilando
C:\Users\pkn\Desktop\TPV2\Asteroids\TPV2\src\ecs\Entity.h(70,18): message : vea la referencia a la plantilla de variables 'const size_t cmpIdx<Transform>' que se está compilando
C:\Users\pkn\Desktop\TPV2\Asteroids\TPV2\src\component\Image.cpp(15,41): message : Vea la referencia a la creación de una instancia de la función plantilla "T *Entity::getComponent<Transform>(void)" que se está compilando
          with
          [
              T=Transform
          ]
  Game.cpp
C:\Users\pkn\Desktop\TPV2\Asteroids\TPV2\src\game\ecs_defs.h(33,15): warning C4099: 'Fighter': nombre de tipo visto anteriormente usando 'class' ahora se ve usando 'struct'
C:\Users\pkn\Desktop\TPV2\Asteroids\TPV2\src\game\ecs_defs.h(13,7): message : vea la declaración de 'Fighter'
C:\Users\pkn\Desktop\TPV2\Asteroids\TPV2\src\component\Transform.h(22,58): warning C4244: 'argumento': conversión de 'double' a 'float'; posible pérdida de datos
C:\Users\pkn\Desktop\TPV2\Asteroids\TPV2\src\component\Transform.h(22,55): warning C4244: 'argumento': conversión de 'double' a 'float'; posible pérdida de datos
C:\Users\pkn\Desktop\TPV2\Asteroids\TPV2\src\component\Transform.h(23,58): warning C4244: 'argumento': conversión de 'double' a 'float'; posible pérdida de datos
C:\Users\pkn\Desktop\TPV2\Asteroids\TPV2\src\component\Transform.h(23,55): warning C4244: 'argumento': conversión de 'double' a 'float'; posible pérdida de datos
C:\Users\pkn\Desktop\TPV2\Asteroids\TPV2\src\game\Game.cpp(42,94): warning C4244: 'argumento': conversión de 'int' a 'float'; posible pérdida de datos
C:\Users\pkn\Desktop\TPV2\Asteroids\TPV2\src\game\Game.cpp(42,65): warning C4244: 'argumento': conversión de 'int' a 'float'; posible pérdida de datos
C:\Users\pkn\Desktop\TPV2\Asteroids\TPV2\src\sdlutils\SDLUtils.h(50,32): warning C4101: 'e': variable local sin referencia
C:\Users\pkn\Desktop\TPV2\Asteroids\TPV2\src\sdlutils\SDLUtils.h(47,1): message : al compilar la función del miembro clase plantilla "Texture &SDLUtils::map_access_wrapper<Texture>::at(std::string)"
C:\Users\pkn\Desktop\TPV2\Asteroids\TPV2\src\sdlutils\SDLUtils.h(192,30): message : Vea la referencia a la creación de una instancia de clase plantilla "SDLUtils::map_access_wrapper<Texture>" que se está compilando
C:\Users\pkn\Desktop\TPV2\Asteroids\TPV2\src\ecs\Entity.h(35,2): error C2027: uso del tipo 'CollisionManager' sin definir
C:\Users\pkn\Desktop\TPV2\Asteroids\TPV2\src\game\ecs_defs.h(22,7): message : vea la declaración de 'CollisionManager'
C:\Users\pkn\Desktop\TPV2\Asteroids\TPV2\src\game\Game.cpp(38,43): message : Vea la referencia a la creación de una instancia de la función plantilla "T *Entity::addComponent<CollisionManager,>(void)" que se está compilando
          with
          [
              T=CollisionManager
          ]
C:\Users\pkn\Desktop\TPV2\Asteroids\TPV2\src\ecs\Entity.h(45,19): error C2440: '=': no se puede realizar la conversión de 'CollisionManager *' a '_Ty'
          with
          [
              _Ty=Component *
          ]
C:\Users\pkn\Desktop\TPV2\Asteroids\TPV2\src\ecs\Entity.h(45,19): message : Los tipos señalados no están relacionados; la conversión requiere reinterpret_cast, conversión de estilo de C o conversión de estilo de función entre paréntesis
C:\Users\pkn\Desktop\TPV2\Asteroids\TPV2\src\ecs\Entity.h(35,2): error C2027: uso del tipo 'Fighter' sin definir
C:\Users\pkn\Desktop\TPV2\Asteroids\TPV2\src\game\ecs_defs.h(33,8): message : vea la declaración de 'Fighter'
C:\Users\pkn\Desktop\TPV2\Asteroids\TPV2\src\game\Game.cpp(45,45): message : Vea la referencia a la creación de una instancia de la función plantilla "T *Entity::addComponent<Fighter,float,float,int>(float &&,float &&,int &&)" que se está compilando
          with
          [
              T=Fighter
          ]
C:\Users\pkn\Desktop\TPV2\Asteroids\TPV2\src\ecs\Entity.h(45,19): error C2440: '=': no se puede realizar la conversión de 'Fighter *' a '_Ty'
          with
          [
              _Ty=Component *
          ]
C:\Users\pkn\Desktop\TPV2\Asteroids\TPV2\src\ecs\Entity.h(45,19): message : Los tipos señalados no están relacionados; la conversión requiere reinterpret_cast, conversión de estilo de C o conversión de estilo de función entre paréntesis
C:\Users\pkn\Desktop\TPV2\Asteroids\TPV2\src\ecs\Entity.h(35,2): error C2027: uso del tipo 'Health' sin definir
C:\Users\pkn\Desktop\TPV2\Asteroids\TPV2\src\game\ecs_defs.h(18,7): message : vea la declaración de 'Health'
C:\Users\pkn\Desktop\TPV2\Asteroids\TPV2\src\game\Game.cpp(46,66): message : Vea la referencia a la creación de una instancia de la función plantilla "T *Entity::addComponent<Health,int,Texture*>(int &&,Texture *&&)" que se está compilando
          with
          [
              T=Health
          ]
C:\Users\pkn\Desktop\TPV2\Asteroids\TPV2\src\ecs\Entity.h(45,19): error C2440: '=': no se puede realizar la conversión de 'Health *' a '_Ty'
          with
          [
              _Ty=Component *
          ]
C:\Users\pkn\Desktop\TPV2\Asteroids\TPV2\src\ecs\Entity.h(45,19): message : Los tipos señalados no están relacionados; la conversión requiere reinterpret_cast, conversión de estilo de C o conversión de estilo de función entre paréntesis
  State.cpp
C:\Users\pkn\Desktop\TPV2\Asteroids\TPV2\src\game\ecs_defs.h(33,15): warning C4099: 'Fighter': nombre de tipo visto anteriormente usando 'class' ahora se ve usando 'struct'
C:\Users\pkn\Desktop\TPV2\Asteroids\TPV2\src\game\ecs_defs.h(13,7): message : vea la declaración de 'Fighter'
C:\Users\pkn\Desktop\TPV2\Asteroids\TPV2\src\sdlutils\SDLUtils.h(50,32): warning C4101: 'e': variable local sin referencia
C:\Users\pkn\Desktop\TPV2\Asteroids\TPV2\src\sdlutils\SDLUtils.h(47,1): message : al compilar la función del miembro clase plantilla "Texture &SDLUtils::map_access_wrapper<Texture>::at(std::string)"
C:\Users\pkn\Desktop\TPV2\Asteroids\TPV2\src\sdlutils\SDLUtils.h(192,30): message : Vea la referencia a la creación de una instancia de clase plantilla "SDLUtils::map_access_wrapper<Texture>" que se está compilando
  JSON.cpp
  JSONValue.cpp
  Generando código...
